<?xml version="1.0" encoding="UTF-8"?>
<testsuite xmlns:xsi="http://www.w3.org/2001/XMLSchema-instance" xsi:noNamespaceSchemaLocation="https://maven.apache.org/surefire/maven-failsafe-plugin/xsd/failsafe-test-report.xsd" name="proj.concert.service.ConcertSubscriptionIT" time="11.853" tests="5" errors="0" skipped="0" failures="0">
  <properties>
[...]
</properties>
  <testcase name="testSubscriptionForDifferentConcert" classname="proj.concert.service.ConcertSubscriptionIT" time="6.024"/>
  <testcase name="testBadSubscription_NonexistentConcert" classname="proj.concert.service.ConcertSubscriptionIT" time="0.732"/>
  <testcase name="testUnauthorizedSubscription" classname="proj.concert.service.ConcertSubscriptionIT" time="0.521"/>
  <testcase name="testSubscription" classname="proj.concert.service.ConcertSubscriptionIT" time="3.814"/>
  <testcase name="testBadSubscription_NonexistentDate" classname="proj.concert.service.ConcertSubscriptionIT" time="0.698"/>
</testsuite>